<?xml version="1.0" encoding="UTF-8"?>
<!-- Generated by org.testng.reporters.JUnitReportReporter -->
<testsuite hostname="DESKTOP-21PKUGS" failures="0" tests="5" name="com.qa.opencart.tests.LoginPageTest" time="1.388" errors="0" timestamp="27 Feb 2022 05:21:24 GMT" skipped="0">
  <testcase classname="com.qa.opencart.tests.LoginPageTest" name="loginpageTitleTest" time="0.044"/>
  <testcase classname="com.qa.opencart.tests.LoginPageTest" name="loginpageUrlTest" time="0.019"/>
  <testcase classname="com.qa.opencart.tests.LoginPageTest" name="ForgotPwdLinkTest" time="0.146"/>
  <testcase classname="com.qa.opencart.tests.LoginPageTest" name="RegiterLinkTest" time="0.099"/>
  <testcase classname="com.qa.opencart.tests.LoginPageTest" name="loginTest" time="1.080"/>
</testsuite> <!-- com.qa.opencart.tests.LoginPageTest -->
